<?xml version="1.0" encoding="UTF-8"?>
<!-- Generated by org.testng.reporters.JUnitReportReporter -->
<testsuite hostname="Dip" failures="0" tests="1" name="neoStoxTestClass.ValidatingNewOptionOnNeoStox" time="8.585" errors="0" timestamp="2022-11-29T22:52:04 IST" skipped="0">
  <testcase classname="neoStoxTestClass.ValidatingNewOptionOnNeoStox" name="validateBasket" time="8.585"/>
  <system-out>
    <![CDATA[Waiting for 200Millis
Click on Stratergies Option...
Waiting for 500Millis]]>
  </system-out>
</testsuite> <!-- neoStoxTestClass.ValidatingNewOptionOnNeoStox -->
