<?xml version="1.0" encoding="UTF-8"?>
<!-- Generated by org.testng.reporters.JUnitReportReporter -->
<testsuite hostname="Dip" failures="0" tests="1" name="neoStoxTestClass.ValidatingFundsNeoStox" time="8.815" errors="0" timestamp="2022-11-29T22:52:04 IST" skipped="0">
  <testcase classname="neoStoxTestClass.ValidatingFundsNeoStox" name="validateAccBal" time="8.815"/>
  <system-out>
    <![CDATA[Validating Acc Bal = A/c Balance: Rs.5,00,000.00]]>
  </system-out>
</testsuite> <!-- neoStoxTestClass.ValidatingFundsNeoStox -->
